2023-08-25 10:42:29 [WARNING]: PyNaCl is not installed, voice will NOT be supported
2023-08-25 10:42:29 [INFO]: logging in using static token
2023-08-25 10:42:29 [WARNING]: Someone try to use /channel_message Command
2023-08-25 10:42:29 [WARNING]: Someone try to use /channel_message Command
2023-08-25 10:42:29 [INFO]: The Command was succsesfully
2023-08-25 10:42:30 [INFO]: Shard ID None has connected to Gateway (Session ID: 9e95c3d5ee8a345230a99bdcdda38073).
2023-08-25 10:42:32 [INFO]: Logged in as Berechti
2023-08-25 10:42:32 [INFO]: Bot ID 1125300916422193194
2023-08-25 10:42:32 [INFO]: Discord Version 2.3.2
2023-08-25 10:42:32 [INFO]: Python Version 3.11.4
2023-08-25 10:42:32 [INFO]: SQLite3 Version: 2.6.0
2023-08-25 10:42:32 [INFO]: Bot Version: Alpha 0.1
2023-08-25 10:42:32 [INFO]: Entwickler: Bitflux_
2023-08-25 10:42:32 [INFO]: Slash CMDs Synced 9 Commands
2023-08-25 10:43:10 [INFO]: WBCreateModal was succesfully
2023-08-25 10:44:28 [INFO]: Successfully connected to: e:\Discord\BerechtiBotServer\database\wb_storing.db
2023-08-25 10:44:28 [INFO]: The last entry, sorted by kw, was selected from the database
2023-08-25 10:44:28 [INFO]: The variable 'nr' + 1 was returned from select_kw_from_database
2023-08-25 10:44:28 [INFO]: Successfully connected to: e:\Discord\BerechtiBotServer\database\wb_storing.db
2023-08-25 10:44:28 [INFO]: id catch was succsesfully
2023-08-25 10:44:28 [INFO]: An entry was transferred to the database
2023-08-25 12:03:48 [INFO]: Shard ID None has successfully RESUMED session 9e95c3d5ee8a345230a99bdcdda38073.
